<?xml version="1.0" encoding="utf-8"?>
<shfbBuild product="Sandcastle Help File Builder" version="1.9.8.0" projectFile="C:\Users\Unknown\SkyDrive\Projects\CoolFishSVN\trunk\CoolFish\CoolFish\bin\Release\CoolFishDoc.shfbproj" started="12/1/2013 8:09:18 PM">
<buildStep step="Initializing">
Finding tools...
Found Sandcastle tools in &#39;C:\Program Files (x86)\Sandcastle\&#39;
</buildStep>
<buildStep step="ValidatingDocumentationSources">
Validating and copying documentation source information
Source: D:\SkyDrive\Documents\Projects\CoolFishSVN\trunk\CoolFish\CoolFish\bin\Release\CoolFish.exe
SHFB: Warning BE0006: Unable to locate any documentation sources for &#39;D:\SkyDrive\Documents\Projects\CoolFishSVN\trunk\CoolFish\CoolFish\bin\Release\CoolFish.exe&#39; (Configuration: Release Platform: x86)
Source: D:\SkyDrive\Documents\Projects\CoolFishSVN\trunk\CoolFish\CoolFish\bin\Release\CoolFish.XML
SHFB: Warning BE0006: Unable to locate any documentation sources for &#39;D:\SkyDrive\Documents\Projects\CoolFishSVN\trunk\CoolFish\CoolFish\bin\Release\CoolFish.XML&#39; (Configuration: Release Platform: x86)
Source: C:\Users\Unknown\SkyDrive\Projects\CoolFishSVN\trunk\CoolFish\CoolFish\bin\Release\CoolFish.exe
    Found assembly &#39;C:\Users\Unknown\SkyDrive\Projects\CoolFishSVN\trunk\CoolFish\CoolFish\bin\Release\CoolFish.exe&#39;
Source: C:\Users\Unknown\SkyDrive\Projects\CoolFishSVN\trunk\CoolFish\CoolFish\bin\Release\CoolFish.xml

References to include (excluding framework assemblies):
    CoolFish, Version=1.0.7.132, Culture=neutral, PublicKeyToken=null

Copying XML comments files
    C:\Users\Unknown\SkyDrive\Projects\CoolFishSVN\trunk\CoolFish\CoolFish\bin\Release\CoolFish.XML -&gt; C:\Users\Unknown\SkyDrive\Projects\CoolFishSVN\trunk\CoolFish\CoolFish\bin\Release\DocumentationWorking\CoolFish.XML
</buildStep>
<buildStep step="GenerateSharedContent">
Generating shared content files (en-US, English (United States))...
    Last step completed in 00:00:00.0791
</buildStep>
<buildStep step="GenerateApiFilter">
Generating API filter for MRefBuilder...
    Last step completed in 00:00:00.0150
</buildStep>
<buildStep step="GenerateReflectionInfo">
Generating reflection information...
[C:\Windows\Microsoft.NET\Framework64\v4.0.30319\MSBuild.exe]
  MRefBuilder (v2.7.4.0)
  Copyright c 2006-2013, Microsoft Corporation, All Rights Reserved.
  Portions Copyright c 2006-2013, Eric Woodruff, All Rights Reserved.
  Info: Loaded 1 assemblies for reflection and 1 dependency assemblies.
  Info: Wrote information on 8 namespaces, 62 types, and 634 members
  XslTransform (v2.7.4.0)
  Copyright c 2006-2013, Microsoft Corporation, All Rights Reserved.
  Portions Copyright c 2006-2013, Eric Woodruff, All Rights Reserved.
  Info: Applying XSL transformation &#39;C:\Program Files (x86)\Sandcastle\ProductionTransforms\MergeDuplicates.xsl&#39;.
    Last step completed in 00:00:02.1044
</buildStep>
<buildStep step="GenerateNamespaceSummaries">
Generating namespace summary information...
    Last step completed in 00:00:00.0150
</buildStep>
<buildStep step="ApplyVisibilityProperties">
Applying visibility properties to reflection information file
    4 attribute nodes removed
    4 explicit interface implementations removed
    25 local and base class EII elements removed
    Last step completed in 00:00:00.0610
</buildStep>
<buildStep step="TransformReflectionInfo">
Transforming reflection output...
[C:\Windows\Microsoft.NET\Framework64\v4.0.30319\MSBuild.exe]
  XslTransform (v2.7.4.0)
  Copyright c 2006-2013, Microsoft Corporation, All Rights Reserved.
  Portions Copyright c 2006-2013, Eric Woodruff, All Rights Reserved.
  Info: Applying XSL transformation &#39;C:\Program Files (x86)\Sandcastle\\ProductionTransforms\ApplyVSDocModel.xsl&#39;.
  Info: Applying XSL transformation &#39;C:\Program Files (x86)\Sandcastle\ProductionTransforms\AddFilenames.xsl&#39;.
  XslTransform (v2.7.4.0)
  Copyright c 2006-2013, Microsoft Corporation, All Rights Reserved.
  Portions Copyright c 2006-2013, Eric Woodruff, All Rights Reserved.
  Info: Applying XSL transformation &#39;C:\Program Files (x86)\Sandcastle\ProductionTransforms\ReflectionToManifest.xsl&#39;.
Copying help branding files...
C:\Program Files (x86)\Sandcastle\\Presentation\VS2010\branding\dev10.mshc -&gt; C:\Users\Unknown\SkyDrive\Projects\CoolFishSVN\trunk\CoolFish\CoolFish\bin\Release\DocumentationWorking\Output\Website\branding\
C:\Program Files (x86)\Sandcastle\\Presentation\VS2010\branding\dev10.mshc -&gt; C:\Users\Unknown\SkyDrive\Projects\CoolFishSVN\trunk\CoolFish\CoolFish\bin\Release\DocumentationWorking\branding
    C:\Program Files (x86)\Sandcastle\\Presentation\VS2010\branding\dev10.mshc/body.xslt -> C:\Users\Unknown\SkyDrive\Projects\CoolFishSVN\trunk\CoolFish\CoolFish\bin\Release\DocumentationWorking\branding\body.xslt
    C:\Program Files (x86)\Sandcastle\\Presentation\VS2010\branding\dev10.mshc/head.xslt -> C:\Users\Unknown\SkyDrive\Projects\CoolFishSVN\trunk\CoolFish\CoolFish\bin\Release\DocumentationWorking\branding\head.xslt
    C:\Program Files (x86)\Sandcastle\\Presentation\VS2010\branding\dev10.mshc/CodeSnippet.xslt -> C:\Users\Unknown\SkyDrive\Projects\CoolFishSVN\trunk\CoolFish\CoolFish\bin\Release\DocumentationWorking\branding\CodeSnippet.xslt
    C:\Program Files (x86)\Sandcastle\\Presentation\VS2010\branding\dev10.mshc/codesnippet-cs-CZ.xslt -> C:\Users\Unknown\SkyDrive\Projects\CoolFishSVN\trunk\CoolFish\CoolFish\bin\Release\DocumentationWorking\branding\codesnippet-cs-CZ.xslt
    C:\Program Files (x86)\Sandcastle\\Presentation\VS2010\branding\dev10.mshc/codesnippet-de-DE.xslt -> C:\Users\Unknown\SkyDrive\Projects\CoolFishSVN\trunk\CoolFish\CoolFish\bin\Release\DocumentationWorking\branding\codesnippet-de-DE.xslt
    C:\Program Files (x86)\Sandcastle\\Presentation\VS2010\branding\dev10.mshc/codesnippet-en-US.xslt -> C:\Users\Unknown\SkyDrive\Projects\CoolFishSVN\trunk\CoolFish\CoolFish\bin\Release\DocumentationWorking\branding\codesnippet-en-US.xslt
    C:\Program Files (x86)\Sandcastle\\Presentation\VS2010\branding\dev10.mshc/codesnippet-es-ES.xslt -> C:\Users\Unknown\SkyDrive\Projects\CoolFishSVN\trunk\CoolFish\CoolFish\bin\Release\DocumentationWorking\branding\codesnippet-es-ES.xslt
    C:\Program Files (x86)\Sandcastle\\Presentation\VS2010\branding\dev10.mshc/codesnippet-fr-FR.xslt -> C:\Users\Unknown\SkyDrive\Projects\CoolFishSVN\trunk\CoolFish\CoolFish\bin\Release\DocumentationWorking\branding\codesnippet-fr-FR.xslt
    C:\Program Files (x86)\Sandcastle\\Presentation\VS2010\branding\dev10.mshc/codesnippet-it-IT.xslt -> C:\Users\Unknown\SkyDrive\Projects\CoolFishSVN\trunk\CoolFish\CoolFish\bin\Release\DocumentationWorking\branding\codesnippet-it-IT.xslt
    C:\Program Files (x86)\Sandcastle\\Presentation\VS2010\branding\dev10.mshc/codesnippet-ja-JP.xslt -> C:\Users\Unknown\SkyDrive\Projects\CoolFishSVN\trunk\CoolFish\CoolFish\bin\Release\DocumentationWorking\branding\codesnippet-ja-JP.xslt
    C:\Program Files (x86)\Sandcastle\\Presentation\VS2010\branding\dev10.mshc/codesnippet-ko-KR.xslt -> C:\Users\Unknown\SkyDrive\Projects\CoolFishSVN\trunk\CoolFish\CoolFish\bin\Release\DocumentationWorking\branding\codesnippet-ko-KR.xslt
    C:\Program Files (x86)\Sandcastle\\Presentation\VS2010\branding\dev10.mshc/codesnippet-pl-PL.xslt -> C:\Users\Unknown\SkyDrive\Projects\CoolFishSVN\trunk\CoolFish\CoolFish\bin\Release\DocumentationWorking\branding\codesnippet-pl-PL.xslt
    C:\Program Files (x86)\Sandcastle\\Presentation\VS2010\branding\dev10.mshc/codesnippet-pt-BR.xslt -> C:\Users\Unknown\SkyDrive\Projects\CoolFishSVN\trunk\CoolFish\CoolFish\bin\Release\DocumentationWorking\branding\codesnippet-pt-BR.xslt
    C:\Program Files (x86)\Sandcastle\\Presentation\VS2010\branding\dev10.mshc/codesnippet-ru-RU.xslt -> C:\Users\Unknown\SkyDrive\Projects\CoolFishSVN\trunk\CoolFish\CoolFish\bin\Release\DocumentationWorking\branding\codesnippet-ru-RU.xslt
    C:\Program Files (x86)\Sandcastle\\Presentation\VS2010\branding\dev10.mshc/codesnippet-tr-TR.xslt -> C:\Users\Unknown\SkyDrive\Projects\CoolFishSVN\trunk\CoolFish\CoolFish\bin\Release\DocumentationWorking\branding\codesnippet-tr-TR.xslt
    C:\Program Files (x86)\Sandcastle\\Presentation\VS2010\branding\dev10.mshc/codesnippet-zh-CN.xslt -> C:\Users\Unknown\SkyDrive\Projects\CoolFishSVN\trunk\CoolFish\CoolFish\bin\Release\DocumentationWorking\branding\codesnippet-zh-CN.xslt
    C:\Program Files (x86)\Sandcastle\\Presentation\VS2010\branding\dev10.mshc/codesnippet-zh-TW.xslt -> C:\Users\Unknown\SkyDrive\Projects\CoolFishSVN\trunk\CoolFish\CoolFish\bin\Release\DocumentationWorking\branding\codesnippet-zh-TW.xslt
    C:\Program Files (x86)\Sandcastle\\Presentation\VS2010\branding\dev10.mshc/Identity.xslt -> C:\Users\Unknown\SkyDrive\Projects\CoolFishSVN\trunk\CoolFish\CoolFish\bin\Release\DocumentationWorking\branding\Identity.xslt
    C:\Program Files (x86)\Sandcastle\\Presentation\VS2010\branding\dev10.mshc/InstrumentedLink.xslt -> C:\Users\Unknown\SkyDrive\Projects\CoolFishSVN\trunk\CoolFish\CoolFish\bin\Release\DocumentationWorking\branding\InstrumentedLink.xslt
    C:\Program Files (x86)\Sandcastle\\Presentation\VS2010\branding\dev10.mshc/instrumentedlink-cs-CZ.xslt -> C:\Users\Unknown\SkyDrive\Projects\CoolFishSVN\trunk\CoolFish\CoolFish\bin\Release\DocumentationWorking\branding\instrumentedlink-cs-CZ.xslt
    C:\Program Files (x86)\Sandcastle\\Presentation\VS2010\branding\dev10.mshc/instrumentedlink-de-DE.xslt -> C:\Users\Unknown\SkyDrive\Projects\CoolFishSVN\trunk\CoolFish\CoolFish\bin\Release\DocumentationWorking\branding\instrumentedlink-de-DE.xslt
    C:\Program Files (x86)\Sandcastle\\Presentation\VS2010\branding\dev10.mshc/instrumentedlink-en-US.xslt -> C:\Users\Unknown\SkyDrive\Projects\CoolFishSVN\trunk\CoolFish\CoolFish\bin\Release\DocumentationWorking\branding\instrumentedlink-en-US.xslt
    C:\Program Files (x86)\Sandcastle\\Presentation\VS2010\branding\dev10.mshc/instrumentedlink-es-ES.xslt -> C:\Users\Unknown\SkyDrive\Projects\CoolFishSVN\trunk\CoolFish\CoolFish\bin\Release\DocumentationWorking\branding\instrumentedlink-es-ES.xslt
    C:\Program Files (x86)\Sandcastle\\Presentation\VS2010\branding\dev10.mshc/instrumentedlink-fr-FR.xslt -> C:\Users\Unknown\SkyDrive\Projects\CoolFishSVN\trunk\CoolFish\CoolFish\bin\Release\DocumentationWorking\branding\instrumentedlink-fr-FR.xslt
    C:\Program Files (x86)\Sandcastle\\Presentation\VS2010\branding\dev10.mshc/instrumentedlink-it-IT.xslt -> C:\Users\Unknown\SkyDrive\Projects\CoolFishSVN\trunk\CoolFish\CoolFish\bin\Release\DocumentationWorking\branding\instrumentedlink-it-IT.xslt
    C:\Program Files (x86)\Sandcastle\\Presentation\VS2010\branding\dev10.mshc/instrumentedlink-ja-JP.xslt -> C:\Users\Unknown\SkyDrive\Projects\CoolFishSVN\trunk\CoolFish\CoolFish\bin\Release\DocumentationWorking\branding\instrumentedlink-ja-JP.xslt
    C:\Program Files (x86)\Sandcastle\\Presentation\VS2010\branding\dev10.mshc/instrumentedlink-ko-KR.xslt -> C:\Users\Unknown\SkyDrive\Projects\CoolFishSVN\trunk\CoolFish\CoolFish\bin\Release\DocumentationWorking\branding\instrumentedlink-ko-KR.xslt
    C:\Program Files (x86)\Sandcastle\\Presentation\VS2010\branding\dev10.mshc/instrumentedlink-pl-PL.xslt -> C:\Users\Unknown\SkyDrive\Projects\CoolFishSVN\trunk\CoolFish\CoolFish\bin\Release\DocumentationWorking\branding\instrumentedlink-pl-PL.xslt
    C:\Program Files (x86)\Sandcastle\\Presentation\VS2010\branding\dev10.mshc/instrumentedlink-pt-BR.xslt -> C:\Users\Unknown\SkyDrive\Projects\CoolFishSVN\trunk\CoolFish\CoolFish\bin\Release\DocumentationWorking\branding\instrumentedlink-pt-BR.xslt
    C:\Program Files (x86)\Sandcastle\\Presentation\VS2010\branding\dev10.mshc/instrumentedlink-ru-RU.xslt -> C:\Users\Unknown\SkyDrive\Projects\CoolFishSVN\trunk\CoolFish\CoolFish\bin\Release\DocumentationWorking\branding\instrumentedlink-ru-RU.xslt
    C:\Program Files (x86)\Sandcastle\\Presentation\VS2010\branding\dev10.mshc/instrumentedlink-tr-TR.xslt -> C:\Users\Unknown\SkyDrive\Projects\CoolFishSVN\trunk\CoolFish\CoolFish\bin\Release\DocumentationWorking\branding\instrumentedlink-tr-TR.xslt
    C:\Program Files (x86)\Sandcastle\\Presentation\VS2010\branding\dev10.mshc/instrumentedlink-zh-CN.xslt -> C:\Users\Unknown\SkyDrive\Projects\CoolFishSVN\trunk\CoolFish\CoolFish\bin\Release\DocumentationWorking\branding\instrumentedlink-zh-CN.xslt
    C:\Program Files (x86)\Sandcastle\\Presentation\VS2010\branding\dev10.mshc/instrumentedlink-zh-TW.xslt -> C:\Users\Unknown\SkyDrive\Projects\CoolFishSVN\trunk\CoolFish\CoolFish\bin\Release\DocumentationWorking\branding\instrumentedlink-zh-TW.xslt
    C:\Program Files (x86)\Sandcastle\\Presentation\VS2010\branding\dev10.mshc/LanguageSpecificText.xslt -> C:\Users\Unknown\SkyDrive\Projects\CoolFishSVN\trunk\CoolFish\CoolFish\bin\Release\DocumentationWorking\branding\LanguageSpecificText.xslt
    C:\Program Files (x86)\Sandcastle\\Presentation\VS2010\branding\dev10.mshc/MultiViewTable.xslt -> C:\Users\Unknown\SkyDrive\Projects\CoolFishSVN\trunk\CoolFish\CoolFish\bin\Release\DocumentationWorking\branding\MultiViewTable.xslt
    C:\Program Files (x86)\Sandcastle\\Presentation\VS2010\branding\dev10.mshc/MultiViewTable-cs-CZ.xslt -> C:\Users\Unknown\SkyDrive\Projects\CoolFishSVN\trunk\CoolFish\CoolFish\bin\Release\DocumentationWorking\branding\MultiViewTable-cs-CZ.xslt
    C:\Program Files (x86)\Sandcastle\\Presentation\VS2010\branding\dev10.mshc/MultiViewTable-de-DE.xslt -> C:\Users\Unknown\SkyDrive\Projects\CoolFishSVN\trunk\CoolFish\CoolFish\bin\Release\DocumentationWorking\branding\MultiViewTable-de-DE.xslt
    C:\Program Files (x86)\Sandcastle\\Presentation\VS2010\branding\dev10.mshc/MultiViewTable-en-US.xslt -> C:\Users\Unknown\SkyDrive\Projects\CoolFishSVN\trunk\CoolFish\CoolFish\bin\Release\DocumentationWorking\branding\MultiViewTable-en-US.xslt
    C:\Program Files (x86)\Sandcastle\\Presentation\VS2010\branding\dev10.mshc/MultiViewTable-es-ES.xslt -> C:\Users\Unknown\SkyDrive\Projects\CoolFishSVN\trunk\CoolFish\CoolFish\bin\Release\DocumentationWorking\branding\MultiViewTable-es-ES.xslt
    C:\Program Files (x86)\Sandcastle\\Presentation\VS2010\branding\dev10.mshc/MultiViewTable-fr-FR.xslt -> C:\Users\Unknown\SkyDrive\Projects\CoolFishSVN\trunk\CoolFish\CoolFish\bin\Release\DocumentationWorking\branding\MultiViewTable-fr-FR.xslt
    C:\Program Files (x86)\Sandcastle\\Presentation\VS2010\branding\dev10.mshc/MultiViewTable-it-IT.xslt -> C:\Users\Unknown\SkyDrive\Projects\CoolFishSVN\trunk\CoolFish\CoolFish\bin\Release\DocumentationWorking\branding\MultiViewTable-it-IT.xslt
    C:\Program Files (x86)\Sandcastle\\Presentation\VS2010\branding\dev10.mshc/MultiViewTable-ja-JP.xslt -> C:\Users\Unknown\SkyDrive\Projects\CoolFishSVN\trunk\CoolFish\CoolFish\bin\Release\DocumentationWorking\branding\MultiViewTable-ja-JP.xslt
    C:\Program Files (x86)\Sandcastle\\Presentation\VS2010\branding\dev10.mshc/MultiViewTable-ko-KR.xslt -> C:\Users\Unknown\SkyDrive\Projects\CoolFishSVN\trunk\CoolFish\CoolFish\bin\Release\DocumentationWorking\branding\MultiViewTable-ko-KR.xslt
    C:\Program Files (x86)\Sandcastle\\Presentation\VS2010\branding\dev10.mshc/MultiViewTable-pl-PL.xslt -> C:\Users\Unknown\SkyDrive\Projects\CoolFishSVN\trunk\CoolFish\CoolFish\bin\Release\DocumentationWorking\branding\MultiViewTable-pl-PL.xslt
    C:\Program Files (x86)\Sandcastle\\Presentation\VS2010\branding\dev10.mshc/MultiViewTable-pt-BR.xslt -> C:\Users\Unknown\SkyDrive\Projects\CoolFishSVN\trunk\CoolFish\CoolFish\bin\Release\DocumentationWorking\branding\MultiViewTable-pt-BR.xslt
    C:\Program Files (x86)\Sandcastle\\Presentation\VS2010\branding\dev10.mshc/MultiViewTable-ru-RU.xslt -> C:\Users\Unknown\SkyDrive\Projects\CoolFishSVN\trunk\CoolFish\CoolFish\bin\Release\DocumentationWorking\branding\MultiViewTable-ru-RU.xslt
    C:\Program Files (x86)\Sandcastle\\Presentation\VS2010\branding\dev10.mshc/MultiViewTable-tr-TR.xslt -> C:\Users\Unknown\SkyDrive\Projects\CoolFishSVN\trunk\CoolFish\CoolFish\bin\Release\DocumentationWorking\branding\MultiViewTable-tr-TR.xslt
    C:\Program Files (x86)\Sandcastle\\Presentation\VS2010\branding\dev10.mshc/MultiViewTable-zh-CN.xslt -> C:\Users\Unknown\SkyDrive\Projects\CoolFishSVN\trunk\CoolFish\CoolFish\bin\Release\DocumentationWorking\branding\MultiViewTable-zh-CN.xslt
    C:\Program Files (x86)\Sandcastle\\Presentation\VS2010\branding\dev10.mshc/MultiViewTable-zh-TW.xslt -> C:\Users\Unknown\SkyDrive\Projects\CoolFishSVN\trunk\CoolFish\CoolFish\bin\Release\DocumentationWorking\branding\MultiViewTable-zh-TW.xslt
    C:\Program Files (x86)\Sandcastle\\Presentation\VS2010\branding\dev10.mshc/index.xslt -> C:\Users\Unknown\SkyDrive\Projects\CoolFishSVN\trunk\CoolFish\CoolFish\bin\Release\DocumentationWorking\branding\index.xslt
    C:\Program Files (x86)\Sandcastle\\Presentation\VS2010\branding\dev10.mshc/index-cs-CZ.xslt -> C:\Users\Unknown\SkyDrive\Projects\CoolFishSVN\trunk\CoolFish\CoolFish\bin\Release\DocumentationWorking\branding\index-cs-CZ.xslt
    C:\Program Files (x86)\Sandcastle\\Presentation\VS2010\branding\dev10.mshc/index-de-DE.xslt -> C:\Users\Unknown\SkyDrive\Projects\CoolFishSVN\trunk\CoolFish\CoolFish\bin\Release\DocumentationWorking\branding\index-de-DE.xslt
    C:\Program Files (x86)\Sandcastle\\Presentation\VS2010\branding\dev10.mshc/index-en-US.xslt -> C:\Users\Unknown\SkyDrive\Projects\CoolFishSVN\trunk\CoolFish\CoolFish\bin\Release\DocumentationWorking\branding\index-en-US.xslt
    C:\Program Files (x86)\Sandcastle\\Presentation\VS2010\branding\dev10.mshc/index-es-ES.xslt -> C:\Users\Unknown\SkyDrive\Projects\CoolFishSVN\trunk\CoolFish\CoolFish\bin\Release\DocumentationWorking\branding\index-es-ES.xslt
    C:\Program Files (x86)\Sandcastle\\Presentation\VS2010\branding\dev10.mshc/index-fr-FR.xslt -> C:\Users\Unknown\SkyDrive\Projects\CoolFishSVN\trunk\CoolFish\CoolFish\bin\Release\DocumentationWorking\branding\index-fr-FR.xslt
    C:\Program Files (x86)\Sandcastle\\Presentation\VS2010\branding\dev10.mshc/index-it-IT.xslt -> C:\Users\Unknown\SkyDrive\Projects\CoolFishSVN\trunk\CoolFish\CoolFish\bin\Release\DocumentationWorking\branding\index-it-IT.xslt
    C:\Program Files (x86)\Sandcastle\\Presentation\VS2010\branding\dev10.mshc/index-ja-JP.xslt -> C:\Users\Unknown\SkyDrive\Projects\CoolFishSVN\trunk\CoolFish\CoolFish\bin\Release\DocumentationWorking\branding\index-ja-JP.xslt
    C:\Program Files (x86)\Sandcastle\\Presentation\VS2010\branding\dev10.mshc/index-ko-KR.xslt -> C:\Users\Unknown\SkyDrive\Projects\CoolFishSVN\trunk\CoolFish\CoolFish\bin\Release\DocumentationWorking\branding\index-ko-KR.xslt
    C:\Program Files (x86)\Sandcastle\\Presentation\VS2010\branding\dev10.mshc/index-pl-PL.xslt -> C:\Users\Unknown\SkyDrive\Projects\CoolFishSVN\trunk\CoolFish\CoolFish\bin\Release\DocumentationWorking\branding\index-pl-PL.xslt
    C:\Program Files (x86)\Sandcastle\\Presentation\VS2010\branding\dev10.mshc/index-pt-BR.xslt -> C:\Users\Unknown\SkyDrive\Projects\CoolFishSVN\trunk\CoolFish\CoolFish\bin\Release\DocumentationWorking\branding\index-pt-BR.xslt
    C:\Program Files (x86)\Sandcastle\\Presentation\VS2010\branding\dev10.mshc/index-ru-RU.xslt -> C:\Users\Unknown\SkyDrive\Projects\CoolFishSVN\trunk\CoolFish\CoolFish\bin\Release\DocumentationWorking\branding\index-ru-RU.xslt
    C:\Program Files (x86)\Sandcastle\\Presentation\VS2010\branding\dev10.mshc/index-tr-TR.xslt -> C:\Users\Unknown\SkyDrive\Projects\CoolFishSVN\trunk\CoolFish\CoolFish\bin\Release\DocumentationWorking\branding\index-tr-TR.xslt
    C:\Program Files (x86)\Sandcastle\\Presentation\VS2010\branding\dev10.mshc/index-zh-CN.xslt -> C:\Users\Unknown\SkyDrive\Projects\CoolFishSVN\trunk\CoolFish\CoolFish\bin\Release\DocumentationWorking\branding\index-zh-CN.xslt
    C:\Program Files (x86)\Sandcastle\\Presentation\VS2010\branding\dev10.mshc/index-zh-TW.xslt -> C:\Users\Unknown\SkyDrive\Projects\CoolFishSVN\trunk\CoolFish\CoolFish\bin\Release\DocumentationWorking\branding\index-zh-TW.xslt
    C:\Program Files (x86)\Sandcastle\\Presentation\VS2010\branding\dev10.mshc/search.xslt -> C:\Users\Unknown\SkyDrive\Projects\CoolFishSVN\trunk\CoolFish\CoolFish\bin\Release\DocumentationWorking\branding\search.xslt
    C:\Program Files (x86)\Sandcastle\\Presentation\VS2010\branding\dev10.mshc/search-cs-CZ.xslt -> C:\Users\Unknown\SkyDrive\Projects\CoolFishSVN\trunk\CoolFish\CoolFish\bin\Release\DocumentationWorking\branding\search-cs-CZ.xslt
    C:\Program Files (x86)\Sandcastle\\Presentation\VS2010\branding\dev10.mshc/search-de-DE.xslt -> C:\Users\Unknown\SkyDrive\Projects\CoolFishSVN\trunk\CoolFish\CoolFish\bin\Release\DocumentationWorking\branding\search-de-DE.xslt
    C:\Program Files (x86)\Sandcastle\\Presentation\VS2010\branding\dev10.mshc/search-en-US.xslt -> C:\Users\Unknown\SkyDrive\Projects\CoolFishSVN\trunk\CoolFish\CoolFish\bin\Release\DocumentationWorking\branding\search-en-US.xslt
    C:\Program Files (x86)\Sandcastle\\Presentation\VS2010\branding\dev10.mshc/search-es-ES.xslt -> C:\Users\Unknown\SkyDrive\Projects\CoolFishSVN\trunk\CoolFish\CoolFish\bin\Release\DocumentationWorking\branding\search-es-ES.xslt
    C:\Program Files (x86)\Sandcastle\\Presentation\VS2010\branding\dev10.mshc/search-fr-FR.xslt -> C:\Users\Unknown\SkyDrive\Projects\CoolFishSVN\trunk\CoolFish\CoolFish\bin\Release\DocumentationWorking\branding\search-fr-FR.xslt
    C:\Program Files (x86)\Sandcastle\\Presentation\VS2010\branding\dev10.mshc/search-it-IT.xslt -> C:\Users\Unknown\SkyDrive\Projects\CoolFishSVN\trunk\CoolFish\CoolFish\bin\Release\DocumentationWorking\branding\search-it-IT.xslt
    C:\Program Files (x86)\Sandcastle\\Presentation\VS2010\branding\dev10.mshc/search-ja-JP.xslt -> C:\Users\Unknown\SkyDrive\Projects\CoolFishSVN\trunk\CoolFish\CoolFish\bin\Release\DocumentationWorking\branding\search-ja-JP.xslt
    C:\Program Files (x86)\Sandcastle\\Presentation\VS2010\branding\dev10.mshc/search-ko-KR.xslt -> C:\Users\Unknown\SkyDrive\Projects\CoolFishSVN\trunk\CoolFish\CoolFish\bin\Release\DocumentationWorking\branding\search-ko-KR.xslt
    C:\Program Files (x86)\Sandcastle\\Presentation\VS2010\branding\dev10.mshc/search-pl-PL.xslt -> C:\Users\Unknown\SkyDrive\Projects\CoolFishSVN\trunk\CoolFish\CoolFish\bin\Release\DocumentationWorking\branding\search-pl-PL.xslt
    C:\Program Files (x86)\Sandcastle\\Presentation\VS2010\branding\dev10.mshc/search-pt-BR.xslt -> C:\Users\Unknown\SkyDrive\Projects\CoolFishSVN\trunk\CoolFish\CoolFish\bin\Release\DocumentationWorking\branding\search-pt-BR.xslt
    C:\Program Files (x86)\Sandcastle\\Presentation\VS2010\branding\dev10.mshc/search-ru-RU.xslt -> C:\Users\Unknown\SkyDrive\Projects\CoolFishSVN\trunk\CoolFish\CoolFish\bin\Release\DocumentationWorking\branding\search-ru-RU.xslt
    C:\Program Files (x86)\Sandcastle\\Presentation\VS2010\branding\dev10.mshc/search-tr-TR.xslt -> C:\Users\Unknown\SkyDrive\Projects\CoolFishSVN\trunk\CoolFish\CoolFish\bin\Release\DocumentationWorking\branding\search-tr-TR.xslt
    C:\Program Files (x86)\Sandcastle\\Presentation\VS2010\branding\dev10.mshc/search-zh-CN.xslt -> C:\Users\Unknown\SkyDrive\Projects\CoolFishSVN\trunk\CoolFish\CoolFish\bin\Release\DocumentationWorking\branding\search-zh-CN.xslt
    C:\Program Files (x86)\Sandcastle\\Presentation\VS2010\branding\dev10.mshc/search-zh-TW.xslt -> C:\Users\Unknown\SkyDrive\Projects\CoolFishSVN\trunk\CoolFish\CoolFish\bin\Release\DocumentationWorking\branding\search-zh-TW.xslt
    C:\Program Files (x86)\Sandcastle\\Presentation\VS2010\branding\dev10.mshc/toc.xslt -> C:\Users\Unknown\SkyDrive\Projects\CoolFishSVN\trunk\CoolFish\CoolFish\bin\Release\DocumentationWorking\branding\toc.xslt
    C:\Program Files (x86)\Sandcastle\\Presentation\VS2010\branding\dev10.mshc/toc-cs-CZ.xslt -> C:\Users\Unknown\SkyDrive\Projects\CoolFishSVN\trunk\CoolFish\CoolFish\bin\Release\DocumentationWorking\branding\toc-cs-CZ.xslt
    C:\Program Files (x86)\Sandcastle\\Presentation\VS2010\branding\dev10.mshc/toc-de-DE.xslt -> C:\Users\Unknown\SkyDrive\Projects\CoolFishSVN\trunk\CoolFish\CoolFish\bin\Release\DocumentationWorking\branding\toc-de-DE.xslt
    C:\Program Files (x86)\Sandcastle\\Presentation\VS2010\branding\dev10.mshc/toc-en-US.xslt -> C:\Users\Unknown\SkyDrive\Projects\CoolFishSVN\trunk\CoolFish\CoolFish\bin\Release\DocumentationWorking\branding\toc-en-US.xslt
    C:\Program Files (x86)\Sandcastle\\Presentation\VS2010\branding\dev10.mshc/toc-es-ES.xslt -> C:\Users\Unknown\SkyDrive\Projects\CoolFishSVN\trunk\CoolFish\CoolFish\bin\Release\DocumentationWorking\branding\toc-es-ES.xslt
    C:\Program Files (x86)\Sandcastle\\Presentation\VS2010\branding\dev10.mshc/toc-fr-FR.xslt -> C:\Users\Unknown\SkyDrive\Projects\CoolFishSVN\trunk\CoolFish\CoolFish\bin\Release\DocumentationWorking\branding\toc-fr-FR.xslt
    C:\Program Files (x86)\Sandcastle\\Presentation\VS2010\branding\dev10.mshc/toc-it-IT.xslt -> C:\Users\Unknown\SkyDrive\Projects\CoolFishSVN\trunk\CoolFish\CoolFish\bin\Release\DocumentationWorking\branding\toc-it-IT.xslt
    C:\Program Files (x86)\Sandcastle\\Presentation\VS2010\branding\dev10.mshc/toc-ja-JP.xslt -> C:\Users\Unknown\SkyDrive\Projects\CoolFishSVN\trunk\CoolFish\CoolFish\bin\Release\DocumentationWorking\branding\toc-ja-JP.xslt
    C:\Program Files (x86)\Sandcastle\\Presentation\VS2010\branding\dev10.mshc/toc-ko-KR.xslt -> C:\Users\Unknown\SkyDrive\Projects\CoolFishSVN\trunk\CoolFish\CoolFish\bin\Release\DocumentationWorking\branding\toc-ko-KR.xslt
    C:\Program Files (x86)\Sandcastle\\Presentation\VS2010\branding\dev10.mshc/toc-pl-PL.xslt -> C:\Users\Unknown\SkyDrive\Projects\CoolFishSVN\trunk\CoolFish\CoolFish\bin\Release\DocumentationWorking\branding\toc-pl-PL.xslt
    C:\Program Files (x86)\Sandcastle\\Presentation\VS2010\branding\dev10.mshc/toc-pt-BR.xslt -> C:\Users\Unknown\SkyDrive\Projects\CoolFishSVN\trunk\CoolFish\CoolFish\bin\Release\DocumentationWorking\branding\toc-pt-BR.xslt
    C:\Program Files (x86)\Sandcastle\\Presentation\VS2010\branding\dev10.mshc/toc-ru-RU.xslt -> C:\Users\Unknown\SkyDrive\Projects\CoolFishSVN\trunk\CoolFish\CoolFish\bin\Release\DocumentationWorking\branding\toc-ru-RU.xslt
    C:\Program Files (x86)\Sandcastle\\Presentation\VS2010\branding\dev10.mshc/toc-tr-TR.xslt -> C:\Users\Unknown\SkyDrive\Projects\CoolFishSVN\trunk\CoolFish\CoolFish\bin\Release\DocumentationWorking\branding\toc-tr-TR.xslt
    C:\Program Files (x86)\Sandcastle\\Presentation\VS2010\branding\dev10.mshc/toc-zh-CN.xslt -> C:\Users\Unknown\SkyDrive\Projects\CoolFishSVN\trunk\CoolFish\CoolFish\bin\Release\DocumentationWorking\branding\toc-zh-CN.xslt
    C:\Program Files (x86)\Sandcastle\\Presentation\VS2010\branding\dev10.mshc/toc-zh-TW.xslt -> C:\Users\Unknown\SkyDrive\Projects\CoolFishSVN\trunk\CoolFish\CoolFish\bin\Release\DocumentationWorking\branding\toc-zh-TW.xslt
C:\Program Files (x86)\Sandcastle\\Presentation\VS2010\branding -&gt; C:\Users\Unknown\SkyDrive\Projects\CoolFishSVN\trunk\CoolFish\CoolFish\bin\Release\DocumentationWorking\Output\Website\branding\
C:\Program Files (x86)\Sandcastle\\Presentation\VS2010\branding -&gt; C:\Users\Unknown\SkyDrive\Projects\CoolFishSVN\trunk\CoolFish\CoolFish\bin\Release\DocumentationWorking\branding
    C:\Program Files (x86)\Sandcastle\Presentation\VS2010\branding\branding.xml -> C:\Users\Unknown\SkyDrive\Projects\CoolFishSVN\trunk\CoolFish\CoolFish\bin\Release\DocumentationWorking\branding\branding.xml
    C:\Program Files (x86)\Sandcastle\Presentation\VS2010\branding\branding.xslt -> C:\Users\Unknown\SkyDrive\Projects\CoolFishSVN\trunk\CoolFish\CoolFish\bin\Release\DocumentationWorking\branding\branding.xslt
    C:\Program Files (x86)\Sandcastle\Presentation\VS2010\branding\branding-cs-CZ.xslt -> C:\Users\Unknown\SkyDrive\Projects\CoolFishSVN\trunk\CoolFish\CoolFish\bin\Release\DocumentationWorking\branding\branding-cs-CZ.xslt
    C:\Program Files (x86)\Sandcastle\Presentation\VS2010\branding\branding-de-DE.xslt -> C:\Users\Unknown\SkyDrive\Projects\CoolFishSVN\trunk\CoolFish\CoolFish\bin\Release\DocumentationWorking\branding\branding-de-DE.xslt
    C:\Program Files (x86)\Sandcastle\Presentation\VS2010\branding\branding-en-US.xslt -> C:\Users\Unknown\SkyDrive\Projects\CoolFishSVN\trunk\CoolFish\CoolFish\bin\Release\DocumentationWorking\branding\branding-en-US.xslt
    C:\Program Files (x86)\Sandcastle\Presentation\VS2010\branding\branding-es-ES.xslt -> C:\Users\Unknown\SkyDrive\Projects\CoolFishSVN\trunk\CoolFish\CoolFish\bin\Release\DocumentationWorking\branding\branding-es-ES.xslt
    C:\Program Files (x86)\Sandcastle\Presentation\VS2010\branding\branding-fr-FR.xslt -> C:\Users\Unknown\SkyDrive\Projects\CoolFishSVN\trunk\CoolFish\CoolFish\bin\Release\DocumentationWorking\branding\branding-fr-FR.xslt
    C:\Program Files (x86)\Sandcastle\Presentation\VS2010\branding\branding-it-IT.xslt -> C:\Users\Unknown\SkyDrive\Projects\CoolFishSVN\trunk\CoolFish\CoolFish\bin\Release\DocumentationWorking\branding\branding-it-IT.xslt
    C:\Program Files (x86)\Sandcastle\Presentation\VS2010\branding\branding-ja-JP.xslt -> C:\Users\Unknown\SkyDrive\Projects\CoolFishSVN\trunk\CoolFish\CoolFish\bin\Release\DocumentationWorking\branding\branding-ja-JP.xslt
    C:\Program Files (x86)\Sandcastle\Presentation\VS2010\branding\branding-ko-KR.xslt -> C:\Users\Unknown\SkyDrive\Projects\CoolFishSVN\trunk\CoolFish\CoolFish\bin\Release\DocumentationWorking\branding\branding-ko-KR.xslt
    C:\Program Files (x86)\Sandcastle\Presentation\VS2010\branding\branding-pl-PL.xslt -> C:\Users\Unknown\SkyDrive\Projects\CoolFishSVN\trunk\CoolFish\CoolFish\bin\Release\DocumentationWorking\branding\branding-pl-PL.xslt
    C:\Program Files (x86)\Sandcastle\Presentation\VS2010\branding\branding-pt-BR.xslt -> C:\Users\Unknown\SkyDrive\Projects\CoolFishSVN\trunk\CoolFish\CoolFish\bin\Release\DocumentationWorking\branding\branding-pt-BR.xslt
    C:\Program Files (x86)\Sandcastle\Presentation\VS2010\branding\branding-ru-RU.xslt -> C:\Users\Unknown\SkyDrive\Projects\CoolFishSVN\trunk\CoolFish\CoolFish\bin\Release\DocumentationWorking\branding\branding-ru-RU.xslt
    C:\Program Files (x86)\Sandcastle\Presentation\VS2010\branding\branding-tr-TR.xslt -> C:\Users\Unknown\SkyDrive\Projects\CoolFishSVN\trunk\CoolFish\CoolFish\bin\Release\DocumentationWorking\branding\branding-tr-TR.xslt
    C:\Program Files (x86)\Sandcastle\Presentation\VS2010\branding\branding-zh-CN.xslt -> C:\Users\Unknown\SkyDrive\Projects\CoolFishSVN\trunk\CoolFish\CoolFish\bin\Release\DocumentationWorking\branding\branding-zh-CN.xslt
    C:\Program Files (x86)\Sandcastle\Presentation\VS2010\branding\branding-zh-TW.xslt -> C:\Users\Unknown\SkyDrive\Projects\CoolFishSVN\trunk\CoolFish\CoolFish\bin\Release\DocumentationWorking\branding\branding-zh-TW.xslt
    C:\Program Files (x86)\Sandcastle\Presentation\VS2010\branding\ps-body.xslt -> C:\Users\Unknown\SkyDrive\Projects\CoolFishSVN\trunk\CoolFish\CoolFish\bin\Release\DocumentationWorking\branding\ps-body.xslt
    C:\Program Files (x86)\Sandcastle\Presentation\VS2010\branding\ps-head.xslt -> C:\Users\Unknown\SkyDrive\Projects\CoolFishSVN\trunk\CoolFish\CoolFish\bin\Release\DocumentationWorking\branding\ps-head.xslt
    C:\Program Files (x86)\Sandcastle\Presentation\VS2010\branding\ps-foot.xslt -> C:\Users\Unknown\SkyDrive\Projects\CoolFishSVN\trunk\CoolFish\CoolFish\bin\Release\DocumentationWorking\branding\ps-foot.xslt
    C:\Program Files (x86)\Sandcastle\Presentation\VS2010\branding\ps-collapsibleArea.xslt -> C:\Users\Unknown\SkyDrive\Projects\CoolFishSVN\trunk\CoolFish\CoolFish\bin\Release\DocumentationWorking\branding\ps-collapsibleArea.xslt
    C:\Program Files (x86)\Sandcastle\Presentation\VS2010\branding\ps-instrumentedLink.xslt -> C:\Users\Unknown\SkyDrive\Projects\CoolFishSVN\trunk\CoolFish\CoolFish\bin\Release\DocumentationWorking\branding\ps-instrumentedLink.xslt
    C:\Program Files (x86)\Sandcastle\Presentation\VS2010\branding\ps-languageSpecificText.xslt -> C:\Users\Unknown\SkyDrive\Projects\CoolFishSVN\trunk\CoolFish\CoolFish\bin\Release\DocumentationWorking\branding\ps-languageSpecificText.xslt
    C:\Program Files (x86)\Sandcastle\Presentation\VS2010\branding\ps-codesnippet.xslt -> C:\Users\Unknown\SkyDrive\Projects\CoolFishSVN\trunk\CoolFish\CoolFish\bin\Release\DocumentationWorking\branding\ps-codesnippet.xslt
    Last step completed in 00:00:01.4300
</buildStep>
<buildStep step="CopyAdditionalContent">
Copying additional content files...
No additional content to copy
    Last step completed in 00:00:00.0120
</buildStep>
<buildStep step="MergeTablesOfContents">
Merging conceptual and additional tables of contents...
    Last step completed in 00:00:00.0030
</buildStep>
<buildStep step="GenerateIntermediateTableOfContents">
Generating intermediate table of contents file...
[C:\Windows\Microsoft.NET\Framework64\v4.0.30319\MSBuild.exe]
  XslTransform (v2.7.4.0)
  Copyright c 2006-2013, Microsoft Corporation, All Rights Reserved.
  Portions Copyright c 2006-2013, Eric Woodruff, All Rights Reserved.
  Info: Applying XSL transformation &#39;C:\Program Files (x86)\Sandcastle\\ProductionTransforms\CreateVSToc.xsl&#39;.
Generating conceptual content intermediate TOC file...
    Last step completed in 00:00:00.3542
</buildStep>
<buildStep step="CreateBuildAssemblerConfigs">
Creating Sandcastle configuration files...
    sandcastle.config
    Last step completed in 00:00:00.2211
</buildStep>
<buildStep step="MergeCustomConfigs">
Merging custom build component configurations
C:\Users\Unknown\SkyDrive\Projects\CoolFishSVN\trunk\CoolFish\CoolFish\bin\Release\DocumentationWorking\sandcastle.config
    Last step completed in 00:00:00.0660
</buildStep>
<buildStep step="BuildReferenceTopics">
Building reference help topics...
[C:\Windows\Microsoft.NET\Framework64\v4.0.30319\MSBuild.exe]
  BuildAssembler (v2.7.4.0)
  Copyright c 2006-2013, Microsoft Corporation, All Rights Reserved.
  Portions Copyright c 2006-2013, Eric Woodruff, All Rights Reserved.
  Info: Loading configuration...
  Info: Processing topics...
  Warn: ShowMissingComponent: [N:CoolFishNS.Bots] Missing &lt;summary&gt; documentation
  Warn: ShowMissingComponent: [M:CoolFishNS.FiniteStateMachine.States.State.Compare(CoolFishNS.FiniteStateMachine.States.State,CoolFishNS.FiniteStateMachine.States.State)] Missing &lt;summary&gt; documentation
  Warn: ShowMissingComponent: [M:CoolFishNS.FiniteStateMachine.States.State.Compare(CoolFishNS.FiniteStateMachine.States.State,CoolFishNS.FiniteStateMachine.States.State)] Missing &lt;returns&gt; documentation
  Warn: ShowMissingComponent: [M:CoolFishNS.FiniteStateMachine.States.State.Compare(CoolFishNS.FiniteStateMachine.States.State,CoolFishNS.FiniteStateMachine.States.State)] Missing &lt;param name=&quot;x&quot;/&gt; documentation
  Warn: ShowMissingComponent: [M:CoolFishNS.FiniteStateMachine.States.State.Compare(CoolFishNS.FiniteStateMachine.States.State,CoolFishNS.FiniteStateMachine.States.State)] Missing &lt;param name=&quot;y&quot;/&gt; documentation
  Warn: ShowMissingComponent: [M:CoolFishNS.FiniteStateMachine.States.State.CompareTo(CoolFishNS.FiniteStateMachine.States.State)] Missing &lt;summary&gt; documentation
  Warn: ShowMissingComponent: [M:CoolFishNS.FiniteStateMachine.States.State.CompareTo(CoolFishNS.FiniteStateMachine.States.State)] Missing &lt;returns&gt; documentation
  Warn: ShowMissingComponent: [M:CoolFishNS.FiniteStateMachine.States.State.CompareTo(CoolFishNS.FiniteStateMachine.States.State)] Missing &lt;param name=&quot;other&quot;/&gt; documentation
  Warn: ShowMissingComponent: [F:CoolFishNS.FiniteStateMachine.States.StateApplyLure.Count] Missing &lt;summary&gt; documentation
  Warn: ShowMissingComponent: [P:CoolFishNS.FiniteStateMachine.States.StateApplyLure.Priority] Missing &lt;summary&gt; documentation
  Warn: ShowMissingComponent: [P:CoolFishNS.FiniteStateMachine.States.StateBobbing.Priority] Missing &lt;summary&gt; documentation
  Warn: ShowMissingComponent: [P:CoolFishNS.FiniteStateMachine.States.StateDoLoot.Priority] Missing &lt;summary&gt; documentation
  Warn: ShowMissingComponent: [P:CoolFishNS.FiniteStateMachine.States.StateDoNothing.Priority] Missing &lt;summary&gt; documentation
  Warn: ShowMissingComponent: [P:CoolFishNS.FiniteStateMachine.States.StateDoWhisper.Priority] Missing &lt;summary&gt; documentation
  Warn: ShowMissingComponent: [P:CoolFishNS.FiniteStateMachine.States.StateFish.Priority] Missing &lt;summary&gt; documentation
  Warn: ShowMissingComponent: [P:CoolFishNS.FiniteStateMachine.States.StateStopOrLogout.NeedToRun] Missing &lt;summary&gt; documentation
  Warn: ShowMissingComponent: [P:CoolFishNS.FiniteStateMachine.States.StateStopOrLogout.Priority] Missing &lt;summary&gt; documentation
  Warn: ShowMissingComponent: [M:CoolFishNS.FiniteStateMachine.States.StateStopOrLogout.Run] Missing &lt;summary&gt; documentation
  Warn: ShowMissingComponent: [P:CoolFishNS.FiniteStateMachine.States.StateUseCharm.Priority] Missing &lt;summary&gt; documentation
  Warn: ShowMissingComponent: [P:CoolFishNS.FiniteStateMachine.States.StateUseRaft.Priority] Missing &lt;summary&gt; documentation
  Warn: ShowMissingComponent: [P:CoolFishNS.FiniteStateMachine.States.StateUseRumsey.Priority] Missing &lt;summary&gt; documentation
  Warn: ShowMissingComponent: [P:CoolFishNS.FiniteStateMachine.States.StateUseSpear.Priority] Missing &lt;summary&gt; documentation
  Warn: ShowMissingComponent: [N:CoolFishNS.Management] Missing &lt;summary&gt; documentation
  Warn: ShowMissingComponent: [M:CoolFishNS.Management.BotManager.AttachToProcess(System.Diagnostics.Process)] Missing &lt;param name=&quot;process&quot;/&gt; documentation
  Warn: ShowMissingComponent: [P:CoolFishNS.Management.BotManager.Memory] Missing &lt;summary&gt; documentation
  Warn: ResolveReferenceLinksComponent2: [P:CoolFishNS.Management.BotManager.Memory] Unknown reference link target &#39;T:GreyMagic.ExternalProcessReader&#39;.
  Warn: ResolveReferenceLinksComponent2: [P:CoolFishNS.Management.BotManager.Memory] Unknown reference link target &#39;T:GreyMagic.ExternalProcessReader&#39;.
  Warn: ResolveReferenceLinksComponent2: [P:CoolFishNS.Management.BotManager.Memory] Unknown reference link target &#39;T:GreyMagic.ExternalProcessReader&#39;.
  Warn: ResolveReferenceLinksComponent2: [P:CoolFishNS.Management.BotManager.Memory] Unknown reference link target &#39;T:GreyMagic.ExternalProcessReader&#39;.
  Warn: ResolveReferenceLinksComponent2: [P:CoolFishNS.Management.BotManager.Memory] Unknown reference link target &#39;T:GreyMagic.ExternalProcessReader&#39;.
  Warn: ResolveReferenceLinksComponent2: [P:CoolFishNS.Management.BotManager.Memory] Unknown reference link target &#39;T:GreyMagic.ExternalProcessReader&#39;.
  Warn: ShowMissingComponent: [N:CoolFishNS.Management.CoolManager] Missing &lt;summary&gt; documentation
  Warn: ShowMissingComponent: [M:CoolFishNS.Management.CoolManager.FindPattern.Get(System.String)] Missing &lt;returns&gt; documentation
  Warn: ShowMissingComponent: [F:CoolFishNS.Management.CoolManager.Offsets.CTM_Base] Missing &lt;summary&gt; documentation
  Warn: ShowMissingComponent: [F:CoolFishNS.Management.CoolManager.Offsets.FrameScript_ExecuteBuffer] Missing &lt;summary&gt; documentation
  Warn: ShowMissingComponent: [F:CoolFishNS.Management.CoolManager.Offsets.FrameScript_GetLocalizedText] Missing &lt;summary&gt; documentation
  Warn: ShowMissingComponent: [F:CoolFishNS.Management.CoolManager.Offsets.LastHardwareAction] Missing &lt;summary&gt; documentation
  Warn: ShowMissingComponent: [F:CoolFishNS.Management.CoolManager.Offsets.LoadingScreen] Missing &lt;summary&gt; documentation
  Warn: ShowMissingComponent: [F:CoolFishNS.Management.CoolManager.Offsets.MouseOverGUID] Missing &lt;summary&gt; documentation
  Warn: ShowMissingComponent: [F:CoolFishNS.Management.CoolManager.Offsets.PlayerName] Missing &lt;summary&gt; documentation
  Warn: ShowMissingComponent: [F:CoolFishNS.Management.CoolManager.Offsets.s_curMgr] Missing &lt;summary&gt; documentation
  Warn: ShowMissingComponent: [F:CoolFishNS.Management.CoolManager.Offsets.TimeStamp] Missing &lt;summary&gt; documentation
  Warn: ShowMissingComponent: [T:CoolFishNS.Management.CoolManager.Offsets.ClassFlags] Missing &lt;summary&gt; documentation
  Warn: ShowMissingComponent: [T:CoolFishNS.Management.CoolManager.Offsets.CorpseFlags] Missing &lt;summary&gt; documentation
  Warn: ShowMissingComponent: [T:CoolFishNS.Management.CoolManager.Offsets.CTM] Missing &lt;summary&gt; documentation
  Warn: ShowMissingComponent: [T:CoolFishNS.Management.CoolManager.Offsets.ObjectFields] Missing &lt;summary&gt; documentation
  Warn: ShowMissingComponent: [T:CoolFishNS.Management.CoolManager.Offsets.RaceFlags] Missing &lt;summary&gt; documentation
  Warn: ShowMissingComponent: [T:CoolFishNS.Management.CoolManager.Offsets.UnitDynamicFlags] Missing &lt;summary&gt; documentation
  Warn: ShowMissingComponent: [T:CoolFishNS.Management.CoolManager.Offsets.UnitFlags] Missing &lt;summary&gt; documentation
  Warn: ShowMissingComponent: [T:CoolFishNS.Management.CoolManager.Offsets.WoWAreaTriggerFields] Missing &lt;summary&gt; documentation
  Warn: ShowMissingComponent: [T:CoolFishNS.Management.CoolManager.Offsets.WoWContainerFields] Missing &lt;summary&gt; documentation
  Warn: ShowMissingComponent: [T:CoolFishNS.Management.CoolManager.Offsets.WoWCorpseFields] Missing &lt;summary&gt; documentation
  Warn: ShowMissingComponent: [T:CoolFishNS.Management.CoolManager.Offsets.WoWDynamicObjectFields] Missing &lt;summary&gt; documentation
  Warn: ShowMissingComponent: [T:CoolFishNS.Management.CoolManager.Offsets.WoWGameObjectFields] Missing &lt;summary&gt; documentation
  Warn: ShowMissingComponent: [T:CoolFishNS.Management.CoolManager.Offsets.WoWItemFields] Missing &lt;summary&gt; documentation
  Warn: ShowMissingComponent: [T:CoolFishNS.Management.CoolManager.Offsets.WoWObjectFields] Missing &lt;summary&gt; documentation
  Warn: ShowMissingComponent: [T:CoolFishNS.Management.CoolManager.Offsets.WoWPlayerFields] Missing &lt;summary&gt; documentation
  Warn: ShowMissingComponent: [T:CoolFishNS.Management.CoolManager.Offsets.WoWSceneObjectFields] Missing &lt;summary&gt; documentation
  Warn: ShowMissingComponent: [T:CoolFishNS.Management.CoolManager.Offsets.WoWUnitFields] Missing &lt;summary&gt; documentation
  Warn: ShowMissingComponent: [M:CoolFishNS.Management.CoolManager.Point.#ctor(System.Xml.Linq.XElement)] Missing &lt;param name=&quot;xml&quot;/&gt; documentation
  Warn: ShowMissingComponent: [M:CoolFishNS.Management.CoolManager.Point.Distance(CoolFishNS.Management.CoolManager.Point)] Missing &lt;returns&gt; documentation
  Warn: ShowMissingComponent: [M:CoolFishNS.Management.CoolManager.Point.Distance(CoolFishNS.Management.CoolManager.Point,CoolFishNS.Management.CoolManager.Point)] Missing &lt;returns&gt; documentation
  Warn: ShowMissingComponent: [M:CoolFishNS.Management.CoolManager.Point.Distance(System.Single,System.Single,System.Single)] Missing &lt;returns&gt; documentation
  Warn: ShowMissingComponent: [M:CoolFishNS.Management.CoolManager.Point.Distance(System.Single,System.Single,System.Single,System.Single,System.Single,System.Single)] Missing &lt;returns&gt; documentation
  Warn: ShowMissingComponent: [M:CoolFishNS.Management.CoolManager.Point.FlatDistance(System.Single,System.Single)] Missing &lt;returns&gt; documentation
  Warn: ShowMissingComponent: [M:CoolFishNS.Management.CoolManager.Point.GetXml] Missing &lt;returns&gt; documentation
  Warn: ShowMissingComponent: [M:CoolFishNS.Management.CoolManager.Point.HeightDiff(System.Single)] Missing &lt;returns&gt; documentation
  Warn: ShowMissingComponent: [M:CoolFishNS.Management.CoolManager.Point.HeightDiffAbs(System.Single)] Missing &lt;returns&gt; documentation
  Warn: ShowMissingComponent: [N:CoolFishNS.Management.CoolManager.HookingLua] Missing &lt;summary&gt; documentation
  Warn: ShowMissingComponent: [M:CoolFishNS.Management.CoolManager.HookingLua.DxHook.Finalize] Missing &lt;summary&gt; documentation
  Warn: ShowMissingComponent: [N:CoolFishNS.Management.CoolManager.Objects] Missing &lt;summary&gt; documentation
  Warn: ShowMissingComponent: [M:CoolFishNS.Management.CoolManager.Objects.ObjectManager.GetObjectsOfType``1] Missing &lt;typeparam name=&quot;T&quot;/&gt; documentation
  Warn: ShowMissingComponent: [M:CoolFishNS.Management.CoolManager.Objects.ObjectManager.GetObjectsOfType``1] Missing &lt;returns&gt; documentation
  Warn: ShowMissingComponent: [M:CoolFishNS.Management.CoolManager.Objects.WoWContainer.#ctor(System.IntPtr)] Missing &lt;param name=&quot;baseAddress&quot;/&gt; documentation
  Warn: ShowMissingComponent: [M:CoolFishNS.Management.CoolManager.Objects.WoWCorpse.#ctor(System.IntPtr)] Missing &lt;param name=&quot;baseAddress&quot;/&gt; documentation
  Warn: ShowMissingComponent: [M:CoolFishNS.Management.CoolManager.Objects.WoWDynamicObject.#ctor(System.IntPtr)] Missing &lt;param name=&quot;baseAddress&quot;/&gt; documentation
  Warn: ShowMissingComponent: [M:CoolFishNS.Management.CoolManager.Objects.WoWGameObject.#ctor(System.IntPtr)] Missing &lt;param name=&quot;baseAddress&quot;/&gt; documentation
  Warn: ShowMissingComponent: [P:CoolFishNS.Management.CoolManager.Objects.WoWGameObject.AnimationState] Missing &lt;summary&gt; documentation
  Warn: ShowMissingComponent: [P:CoolFishNS.Management.CoolManager.Objects.WoWGameObject.Dynamic] Missing &lt;summary&gt; documentation
  Warn: ShowMissingComponent: [P:CoolFishNS.Management.CoolManager.Objects.WoWGameObject.Flags] Missing &lt;summary&gt; documentation
  Warn: ShowMissingComponent: [P:CoolFishNS.Management.CoolManager.Objects.WoWGameObject.InteractCondition] Missing &lt;summary&gt; documentation
  Warn: ShowMissingComponent: [P:CoolFishNS.Management.CoolManager.Objects.WoWGameObject.InUse] Missing &lt;summary&gt; documentation
  Warn: ShowMissingComponent: [P:CoolFishNS.Management.CoolManager.Objects.WoWGameObject.IsTransport] Missing &lt;summary&gt; documentation
  Warn: ShowMissingComponent: [P:CoolFishNS.Management.CoolManager.Objects.WoWGameObject.Locked] Missing &lt;summary&gt; documentation
  Warn: ShowMissingComponent: [M:CoolFishNS.Management.CoolManager.Objects.WoWItem.#ctor(System.IntPtr)] Missing &lt;param name=&quot;baseAddress&quot;/&gt; documentation
  Warn: ShowMissingComponent: [P:CoolFishNS.Management.CoolManager.Objects.WoWObject.Location] Missing &lt;summary&gt; documentation
  Warn: ShowMissingComponent: [M:CoolFishNS.Management.CoolManager.Objects.WoWPlayer.#ctor(System.IntPtr)] Missing &lt;param name=&quot;baseAddress&quot;/&gt; documentation
  Warn: ShowMissingComponent: [P:CoolFishNS.Management.CoolManager.Objects.WoWPlayer.Channeling] Missing &lt;summary&gt; documentation
  Warn: ShowMissingComponent: [M:CoolFishNS.Management.CoolManager.Objects.WoWPlayerMe.#ctor(System.IntPtr)] Missing &lt;param name=&quot;baseAddress&quot;/&gt; documentation
  Warn: ShowMissingComponent: [M:CoolFishNS.Utilities.Logging.Finalize] Missing &lt;summary&gt; documentation
  Warn: ShowMissingComponent: [M:CoolFishNS.Utilities.MessageEventArgs.#ctor(System.String)] Missing &lt;param name=&quot;message&quot;/&gt; documentation
  Warn: ShowMissingComponent: [M:CoolFishNS.Utilities.MessageEventArgs.#ctor(System.String,System.Exception)] Missing &lt;param name=&quot;message&quot;/&gt; documentation
  Warn: ShowMissingComponent: [M:CoolFishNS.Utilities.MessageEventArgs.#ctor(System.String,System.Exception)] Missing &lt;param name=&quot;exception&quot;/&gt; documentation
  Warn: ShowMissingComponent: [T:CoolFishNS.Utilities.SerializableDictionary`2] Missing &lt;summary&gt; documentation
  Warn: ShowMissingComponent: [T:CoolFishNS.Utilities.SerializableDictionary`2] Missing &lt;typeparam name=&quot;TKey&quot;/&gt; documentation
  Warn: ShowMissingComponent: [T:CoolFishNS.Utilities.SerializableDictionary`2] Missing &lt;typeparam name=&quot;TVal&quot;/&gt; documentation
  Warn: ShowMissingComponent: [M:CoolFishNS.Utilities.SerializableDictionary`2.#ctor(System.Collections.Generic.IDictionary{`0,`1})] Missing &lt;param name=&quot;dictionary&quot;/&gt; documentation
  Warn: ShowMissingComponent: [M:CoolFishNS.Utilities.SerializableDictionary`2.#ctor(System.Collections.Generic.IDictionary{`0,`1},System.Collections.Generic.IEqualityComparer{`0})] Missing &lt;param name=&quot;dictionary&quot;/&gt; documentation
  Warn: ShowMissingComponent: [M:CoolFishNS.Utilities.SerializableDictionary`2.#ctor(System.Collections.Generic.IDictionary{`0,`1},System.Collections.Generic.IEqualityComparer{`0})] Missing &lt;param name=&quot;comparer&quot;/&gt; documentation
  Warn: ShowMissingComponent: [M:CoolFishNS.Utilities.SerializableDictionary`2.#ctor(System.Collections.Generic.IEqualityComparer{`0})] Missing &lt;param name=&quot;comparer&quot;/&gt; documentation
  Warn: ShowMissingComponent: [M:CoolFishNS.Utilities.SerializableDictionary`2.#ctor(System.Int32)] Missing &lt;param name=&quot;capacity&quot;/&gt; documentation
  Warn: ShowMissingComponent: [M:CoolFishNS.Utilities.SerializableDictionary`2.#ctor(System.Int32,System.Collections.Generic.IEqualityComparer{`0})] Missing &lt;param name=&quot;capacity&quot;/&gt; documentation
  Warn: ShowMissingComponent: [M:CoolFishNS.Utilities.SerializableDictionary`2.#ctor(System.Int32,System.Collections.Generic.IEqualityComparer{`0})] Missing &lt;param name=&quot;comparer&quot;/&gt; documentation
  Warn: ShowMissingComponent: [M:CoolFishNS.Utilities.SerializableDictionary`2.#ctor(System.Runtime.Serialization.SerializationInfo,System.Runtime.Serialization.StreamingContext)] Missing &lt;param name=&quot;info&quot;/&gt; documentation
  Warn: ShowMissingComponent: [M:CoolFishNS.Utilities.SerializableDictionary`2.#ctor(System.Runtime.Serialization.SerializationInfo,System.Runtime.Serialization.StreamingContext)] Missing &lt;param name=&quot;context&quot;/&gt; documentation
  Warn: ShowMissingComponent: [P:CoolFishNS.Utilities.SerializableDictionary`2.ValueSerializer] Missing &lt;summary&gt; documentation
  Info: Processed 467 topic(s)
  Info: 106 warning(s)
  Diagnostic: CopyFromIndexComponent: &quot;reflection&quot; in-memory cache entries used: 10 of 15.
  Diagnostic: CopyFromIndexComponent: &quot;comments&quot; in-memory cache entries used: 2 of 30.
  Diagnostic: ResolveReferenceLinksComponent2: New MSDN content ID cache size: 57 entries
    Last step completed in 00:00:15.8176
</buildStep>
<buildStep step="CombiningIntermediateTocFiles">
Combining conceptual and API intermediate TOC files...

Clearing any prior web output
    Last step completed in 00:00:00.0100
</buildStep>
<buildStep step="ExtractingHtmlInfo">
Extracting HTML info for HTML Help 1 and/or website...
[C:\Windows\Microsoft.NET\Framework64\v4.0.30319\MSBuild.exe]
Sandcastle Help File Builder, version 1.9.8.0
Copyright c 2006-2013, Eric Woodruff, All Rights Reserved
E-Mail: Eric@EWoodruff.us

Using LCID &#39;1033&#39;, code page &#39;65001&#39;, encoding charset &#39;UTF-8&#39;.

Processing website files in C:\Users\Unknown\SkyDrive\Projects\CoolFishSVN\trunk\CoolFish\CoolFish\bin\Release\DocumentationWorking\Output\Website
Processed 467 HTML files
Sorting keywords and generating See Also indices
Saving website keyword index to C:\Users\Unknown\SkyDrive\Projects\CoolFishSVN\trunk\CoolFish\CoolFish\bin\Release\DocumentationWorking\WebKI.xml
Saving website table of contents to C:\Users\Unknown\SkyDrive\Projects\CoolFishSVN\trunk\CoolFish\CoolFish\bin\Release\DocumentationWorking\WebTOC.xml
    Last step completed in 00:00:01.5610
</buildStep>
<buildStep step="CopyStandardHelpContent">
Copying standard help content...
C:\Program Files (x86)\Sandcastle\\Presentation\VS2010\icons\1_404_bullet.gif -&gt; C:\Users\Unknown\SkyDrive\Projects\CoolFishSVN\trunk\CoolFish\CoolFish\bin\Release\DocumentationWorking\Output\Website\icons\1_404_bullet.gif
C:\Program Files (x86)\Sandcastle\\Presentation\VS2010\icons\2_404_bullet.gif -&gt; C:\Users\Unknown\SkyDrive\Projects\CoolFishSVN\trunk\CoolFish\CoolFish\bin\Release\DocumentationWorking\Output\Website\icons\2_404_bullet.gif
C:\Program Files (x86)\Sandcastle\\Presentation\VS2010\icons\alert_caution.gif -&gt; C:\Users\Unknown\SkyDrive\Projects\CoolFishSVN\trunk\CoolFish\CoolFish\bin\Release\DocumentationWorking\Output\Website\icons\alert_caution.gif
C:\Program Files (x86)\Sandcastle\\Presentation\VS2010\icons\alert_note.gif -&gt; C:\Users\Unknown\SkyDrive\Projects\CoolFishSVN\trunk\CoolFish\CoolFish\bin\Release\DocumentationWorking\Output\Website\icons\alert_note.gif
C:\Program Files (x86)\Sandcastle\\Presentation\VS2010\icons\alert_security.gif -&gt; C:\Users\Unknown\SkyDrive\Projects\CoolFishSVN\trunk\CoolFish\CoolFish\bin\Release\DocumentationWorking\Output\Website\icons\alert_security.gif
C:\Program Files (x86)\Sandcastle\\Presentation\VS2010\icons\CFW.gif -&gt; C:\Users\Unknown\SkyDrive\Projects\CoolFishSVN\trunk\CoolFish\CoolFish\bin\Release\DocumentationWorking\Output\Website\icons\CFW.gif
C:\Program Files (x86)\Sandcastle\\Presentation\VS2010\icons\close.gif -&gt; C:\Users\Unknown\SkyDrive\Projects\CoolFishSVN\trunk\CoolFish\CoolFish\bin\Release\DocumentationWorking\Output\Website\icons\close.gif
C:\Program Files (x86)\Sandcastle\\Presentation\VS2010\icons\favicon.ico -&gt; C:\Users\Unknown\SkyDrive\Projects\CoolFishSVN\trunk\CoolFish\CoolFish\bin\Release\DocumentationWorking\Output\Website\icons\favicon.ico
C:\Program Files (x86)\Sandcastle\\Presentation\VS2010\icons\footer_slice.gif -&gt; C:\Users\Unknown\SkyDrive\Projects\CoolFishSVN\trunk\CoolFish\CoolFish\bin\Release\DocumentationWorking\Output\Website\icons\footer_slice.gif
C:\Program Files (x86)\Sandcastle\\Presentation\VS2010\icons\info_icon.gif -&gt; C:\Users\Unknown\SkyDrive\Projects\CoolFishSVN\trunk\CoolFish\CoolFish\bin\Release\DocumentationWorking\Output\Website\icons\info_icon.gif
C:\Program Files (x86)\Sandcastle\\Presentation\VS2010\icons\note.gif -&gt; C:\Users\Unknown\SkyDrive\Projects\CoolFishSVN\trunk\CoolFish\CoolFish\bin\Release\DocumentationWorking\Output\Website\icons\note.gif
C:\Program Files (x86)\Sandcastle\\Presentation\VS2010\icons\online_icon.gif -&gt; C:\Users\Unknown\SkyDrive\Projects\CoolFishSVN\trunk\CoolFish\CoolFish\bin\Release\DocumentationWorking\Output\Website\icons\online_icon.gif
C:\Program Files (x86)\Sandcastle\\Presentation\VS2010\icons\open.gif -&gt; C:\Users\Unknown\SkyDrive\Projects\CoolFishSVN\trunk\CoolFish\CoolFish\bin\Release\DocumentationWorking\Output\Website\icons\open.gif
C:\Program Files (x86)\Sandcastle\\Presentation\VS2010\icons\pencil.GIF -&gt; C:\Users\Unknown\SkyDrive\Projects\CoolFishSVN\trunk\CoolFish\CoolFish\bin\Release\DocumentationWorking\Output\Website\icons\pencil.GIF
C:\Program Files (x86)\Sandcastle\\Presentation\VS2010\icons\privclass.gif -&gt; C:\Users\Unknown\SkyDrive\Projects\CoolFishSVN\trunk\CoolFish\CoolFish\bin\Release\DocumentationWorking\Output\Website\icons\privclass.gif
C:\Program Files (x86)\Sandcastle\\Presentation\VS2010\icons\privdelegate.gif -&gt; C:\Users\Unknown\SkyDrive\Projects\CoolFishSVN\trunk\CoolFish\CoolFish\bin\Release\DocumentationWorking\Output\Website\icons\privdelegate.gif
C:\Program Files (x86)\Sandcastle\\Presentation\VS2010\icons\privenumeration.gif -&gt; C:\Users\Unknown\SkyDrive\Projects\CoolFishSVN\trunk\CoolFish\CoolFish\bin\Release\DocumentationWorking\Output\Website\icons\privenumeration.gif
C:\Program Files (x86)\Sandcastle\\Presentation\VS2010\icons\privevent.gif -&gt; C:\Users\Unknown\SkyDrive\Projects\CoolFishSVN\trunk\CoolFish\CoolFish\bin\Release\DocumentationWorking\Output\Website\icons\privevent.gif
C:\Program Files (x86)\Sandcastle\\Presentation\VS2010\icons\privextension.gif -&gt; C:\Users\Unknown\SkyDrive\Projects\CoolFishSVN\trunk\CoolFish\CoolFish\bin\Release\DocumentationWorking\Output\Website\icons\privextension.gif
C:\Program Files (x86)\Sandcastle\\Presentation\VS2010\icons\privfield.gif -&gt; C:\Users\Unknown\SkyDrive\Projects\CoolFishSVN\trunk\CoolFish\CoolFish\bin\Release\DocumentationWorking\Output\Website\icons\privfield.gif
C:\Program Files (x86)\Sandcastle\\Presentation\VS2010\icons\privinterface.gif -&gt; C:\Users\Unknown\SkyDrive\Projects\CoolFishSVN\trunk\CoolFish\CoolFish\bin\Release\DocumentationWorking\Output\Website\icons\privinterface.gif
C:\Program Files (x86)\Sandcastle\\Presentation\VS2010\icons\privmethod.gif -&gt; C:\Users\Unknown\SkyDrive\Projects\CoolFishSVN\trunk\CoolFish\CoolFish\bin\Release\DocumentationWorking\Output\Website\icons\privmethod.gif
C:\Program Files (x86)\Sandcastle\\Presentation\VS2010\icons\privproperty.gif -&gt; C:\Users\Unknown\SkyDrive\Projects\CoolFishSVN\trunk\CoolFish\CoolFish\bin\Release\DocumentationWorking\Output\Website\icons\privproperty.gif
C:\Program Files (x86)\Sandcastle\\Presentation\VS2010\icons\privstructure.gif -&gt; C:\Users\Unknown\SkyDrive\Projects\CoolFishSVN\trunk\CoolFish\CoolFish\bin\Release\DocumentationWorking\Output\Website\icons\privstructure.gif
C:\Program Files (x86)\Sandcastle\\Presentation\VS2010\icons\protclass.gif -&gt; C:\Users\Unknown\SkyDrive\Projects\CoolFishSVN\trunk\CoolFish\CoolFish\bin\Release\DocumentationWorking\Output\Website\icons\protclass.gif
C:\Program Files (x86)\Sandcastle\\Presentation\VS2010\icons\protdelegate.gif -&gt; C:\Users\Unknown\SkyDrive\Projects\CoolFishSVN\trunk\CoolFish\CoolFish\bin\Release\DocumentationWorking\Output\Website\icons\protdelegate.gif
C:\Program Files (x86)\Sandcastle\\Presentation\VS2010\icons\protenumeration.gif -&gt; C:\Users\Unknown\SkyDrive\Projects\CoolFishSVN\trunk\CoolFish\CoolFish\bin\Release\DocumentationWorking\Output\Website\icons\protenumeration.gif
C:\Program Files (x86)\Sandcastle\\Presentation\VS2010\icons\protevent.gif -&gt; C:\Users\Unknown\SkyDrive\Projects\CoolFishSVN\trunk\CoolFish\CoolFish\bin\Release\DocumentationWorking\Output\Website\icons\protevent.gif
C:\Program Files (x86)\Sandcastle\\Presentation\VS2010\icons\protextension.gif -&gt; C:\Users\Unknown\SkyDrive\Projects\CoolFishSVN\trunk\CoolFish\CoolFish\bin\Release\DocumentationWorking\Output\Website\icons\protextension.gif
C:\Program Files (x86)\Sandcastle\\Presentation\VS2010\icons\protfield.gif -&gt; C:\Users\Unknown\SkyDrive\Projects\CoolFishSVN\trunk\CoolFish\CoolFish\bin\Release\DocumentationWorking\Output\Website\icons\protfield.gif
C:\Program Files (x86)\Sandcastle\\Presentation\VS2010\icons\protinterface.gif -&gt; C:\Users\Unknown\SkyDrive\Projects\CoolFishSVN\trunk\CoolFish\CoolFish\bin\Release\DocumentationWorking\Output\Website\icons\protinterface.gif
C:\Program Files (x86)\Sandcastle\\Presentation\VS2010\icons\protmethod.gif -&gt; C:\Users\Unknown\SkyDrive\Projects\CoolFishSVN\trunk\CoolFish\CoolFish\bin\Release\DocumentationWorking\Output\Website\icons\protmethod.gif
C:\Program Files (x86)\Sandcastle\\Presentation\VS2010\icons\protoperator.gif -&gt; C:\Users\Unknown\SkyDrive\Projects\CoolFishSVN\trunk\CoolFish\CoolFish\bin\Release\DocumentationWorking\Output\Website\icons\protoperator.gif
C:\Program Files (x86)\Sandcastle\\Presentation\VS2010\icons\protproperty.gif -&gt; C:\Users\Unknown\SkyDrive\Projects\CoolFishSVN\trunk\CoolFish\CoolFish\bin\Release\DocumentationWorking\Output\Website\icons\protproperty.gif
C:\Program Files (x86)\Sandcastle\\Presentation\VS2010\icons\protstructure.gif -&gt; C:\Users\Unknown\SkyDrive\Projects\CoolFishSVN\trunk\CoolFish\CoolFish\bin\Release\DocumentationWorking\Output\Website\icons\protstructure.gif
C:\Program Files (x86)\Sandcastle\\Presentation\VS2010\icons\pubclass.gif -&gt; C:\Users\Unknown\SkyDrive\Projects\CoolFishSVN\trunk\CoolFish\CoolFish\bin\Release\DocumentationWorking\Output\Website\icons\pubclass.gif
C:\Program Files (x86)\Sandcastle\\Presentation\VS2010\icons\pubdelegate.gif -&gt; C:\Users\Unknown\SkyDrive\Projects\CoolFishSVN\trunk\CoolFish\CoolFish\bin\Release\DocumentationWorking\Output\Website\icons\pubdelegate.gif
C:\Program Files (x86)\Sandcastle\\Presentation\VS2010\icons\pubenumeration.gif -&gt; C:\Users\Unknown\SkyDrive\Projects\CoolFishSVN\trunk\CoolFish\CoolFish\bin\Release\DocumentationWorking\Output\Website\icons\pubenumeration.gif
C:\Program Files (x86)\Sandcastle\\Presentation\VS2010\icons\pubevent.gif -&gt; C:\Users\Unknown\SkyDrive\Projects\CoolFishSVN\trunk\CoolFish\CoolFish\bin\Release\DocumentationWorking\Output\Website\icons\pubevent.gif
C:\Program Files (x86)\Sandcastle\\Presentation\VS2010\icons\pubextension.gif -&gt; C:\Users\Unknown\SkyDrive\Projects\CoolFishSVN\trunk\CoolFish\CoolFish\bin\Release\DocumentationWorking\Output\Website\icons\pubextension.gif
C:\Program Files (x86)\Sandcastle\\Presentation\VS2010\icons\pubfield.gif -&gt; C:\Users\Unknown\SkyDrive\Projects\CoolFishSVN\trunk\CoolFish\CoolFish\bin\Release\DocumentationWorking\Output\Website\icons\pubfield.gif
C:\Program Files (x86)\Sandcastle\\Presentation\VS2010\icons\pubinterface.gif -&gt; C:\Users\Unknown\SkyDrive\Projects\CoolFishSVN\trunk\CoolFish\CoolFish\bin\Release\DocumentationWorking\Output\Website\icons\pubinterface.gif
C:\Program Files (x86)\Sandcastle\\Presentation\VS2010\icons\pubmethod.gif -&gt; C:\Users\Unknown\SkyDrive\Projects\CoolFishSVN\trunk\CoolFish\CoolFish\bin\Release\DocumentationWorking\Output\Website\icons\pubmethod.gif
C:\Program Files (x86)\Sandcastle\\Presentation\VS2010\icons\puboperator.gif -&gt; C:\Users\Unknown\SkyDrive\Projects\CoolFishSVN\trunk\CoolFish\CoolFish\bin\Release\DocumentationWorking\Output\Website\icons\puboperator.gif
C:\Program Files (x86)\Sandcastle\\Presentation\VS2010\icons\pubproperty.gif -&gt; C:\Users\Unknown\SkyDrive\Projects\CoolFishSVN\trunk\CoolFish\CoolFish\bin\Release\DocumentationWorking\Output\Website\icons\pubproperty.gif
C:\Program Files (x86)\Sandcastle\\Presentation\VS2010\icons\pubstructure.gif -&gt; C:\Users\Unknown\SkyDrive\Projects\CoolFishSVN\trunk\CoolFish\CoolFish\bin\Release\DocumentationWorking\Output\Website\icons\pubstructure.gif
C:\Program Files (x86)\Sandcastle\\Presentation\VS2010\icons\search.gif -&gt; C:\Users\Unknown\SkyDrive\Projects\CoolFishSVN\trunk\CoolFish\CoolFish\bin\Release\DocumentationWorking\Output\Website\icons\search.gif
C:\Program Files (x86)\Sandcastle\\Presentation\VS2010\icons\search_bk.gif -&gt; C:\Users\Unknown\SkyDrive\Projects\CoolFishSVN\trunk\CoolFish\CoolFish\bin\Release\DocumentationWorking\Output\Website\icons\search_bk.gif
C:\Program Files (x86)\Sandcastle\\Presentation\VS2010\icons\security.gif -&gt; C:\Users\Unknown\SkyDrive\Projects\CoolFishSVN\trunk\CoolFish\CoolFish\bin\Release\DocumentationWorking\Output\Website\icons\security.gif
C:\Program Files (x86)\Sandcastle\\Presentation\VS2010\icons\slMobile.gif -&gt; C:\Users\Unknown\SkyDrive\Projects\CoolFishSVN\trunk\CoolFish\CoolFish\bin\Release\DocumentationWorking\Output\Website\icons\slMobile.gif
C:\Program Files (x86)\Sandcastle\\Presentation\VS2010\icons\static.gif -&gt; C:\Users\Unknown\SkyDrive\Projects\CoolFishSVN\trunk\CoolFish\CoolFish\bin\Release\DocumentationWorking\Output\Website\icons\static.gif
C:\Program Files (x86)\Sandcastle\\Presentation\VS2010\icons\tabLeftBG.gif -&gt; C:\Users\Unknown\SkyDrive\Projects\CoolFishSVN\trunk\CoolFish\CoolFish\bin\Release\DocumentationWorking\Output\Website\icons\tabLeftBG.gif
C:\Program Files (x86)\Sandcastle\\Presentation\VS2010\icons\tabRightBG.gif -&gt; C:\Users\Unknown\SkyDrive\Projects\CoolFishSVN\trunk\CoolFish\CoolFish\bin\Release\DocumentationWorking\Output\Website\icons\tabRightBG.gif
C:\Program Files (x86)\Sandcastle\\Presentation\VS2010\icons\ui_om_collapse.gif -&gt; C:\Users\Unknown\SkyDrive\Projects\CoolFishSVN\trunk\CoolFish\CoolFish\bin\Release\DocumentationWorking\Output\Website\icons\ui_om_collapse.gif
C:\Program Files (x86)\Sandcastle\\Presentation\VS2010\icons\ui_om_expand.gif -&gt; C:\Users\Unknown\SkyDrive\Projects\CoolFishSVN\trunk\CoolFish\CoolFish\bin\Release\DocumentationWorking\Output\Website\icons\ui_om_expand.gif
C:\Program Files (x86)\Sandcastle\\Presentation\VS2010\icons\xna.gif -&gt; C:\Users\Unknown\SkyDrive\Projects\CoolFishSVN\trunk\CoolFish\CoolFish\bin\Release\DocumentationWorking\Output\Website\icons\xna.gif
C:\Program Files (x86)\Sandcastle\\Presentation\VS2010\scripts\branding.js -&gt; C:\Users\Unknown\SkyDrive\Projects\CoolFishSVN\trunk\CoolFish\CoolFish\bin\Release\DocumentationWorking\Output\Website\scripts\branding.js
C:\Program Files (x86)\Sandcastle\\Presentation\VS2010\styles\branding-cs-CZ.css -&gt; C:\Users\Unknown\SkyDrive\Projects\CoolFishSVN\trunk\CoolFish\CoolFish\bin\Release\DocumentationWorking\Output\Website\styles\branding-cs-CZ.css
C:\Program Files (x86)\Sandcastle\\Presentation\VS2010\styles\branding-de-DE.css -&gt; C:\Users\Unknown\SkyDrive\Projects\CoolFishSVN\trunk\CoolFish\CoolFish\bin\Release\DocumentationWorking\Output\Website\styles\branding-de-DE.css
C:\Program Files (x86)\Sandcastle\\Presentation\VS2010\styles\branding-en-US.css -&gt; C:\Users\Unknown\SkyDrive\Projects\CoolFishSVN\trunk\CoolFish\CoolFish\bin\Release\DocumentationWorking\Output\Website\styles\branding-en-US.css
C:\Program Files (x86)\Sandcastle\\Presentation\VS2010\styles\branding-es-ES.css -&gt; C:\Users\Unknown\SkyDrive\Projects\CoolFishSVN\trunk\CoolFish\CoolFish\bin\Release\DocumentationWorking\Output\Website\styles\branding-es-ES.css
C:\Program Files (x86)\Sandcastle\\Presentation\VS2010\styles\branding-fr-FR.css -&gt; C:\Users\Unknown\SkyDrive\Projects\CoolFishSVN\trunk\CoolFish\CoolFish\bin\Release\DocumentationWorking\Output\Website\styles\branding-fr-FR.css
C:\Program Files (x86)\Sandcastle\\Presentation\VS2010\styles\branding-it-IT.css -&gt; C:\Users\Unknown\SkyDrive\Projects\CoolFishSVN\trunk\CoolFish\CoolFish\bin\Release\DocumentationWorking\Output\Website\styles\branding-it-IT.css
C:\Program Files (x86)\Sandcastle\\Presentation\VS2010\styles\branding-ja-JP.css -&gt; C:\Users\Unknown\SkyDrive\Projects\CoolFishSVN\trunk\CoolFish\CoolFish\bin\Release\DocumentationWorking\Output\Website\styles\branding-ja-JP.css
C:\Program Files (x86)\Sandcastle\\Presentation\VS2010\styles\branding-ko-KR.css -&gt; C:\Users\Unknown\SkyDrive\Projects\CoolFishSVN\trunk\CoolFish\CoolFish\bin\Release\DocumentationWorking\Output\Website\styles\branding-ko-KR.css
C:\Program Files (x86)\Sandcastle\\Presentation\VS2010\styles\branding-pl-PL.css -&gt; C:\Users\Unknown\SkyDrive\Projects\CoolFishSVN\trunk\CoolFish\CoolFish\bin\Release\DocumentationWorking\Output\Website\styles\branding-pl-PL.css
C:\Program Files (x86)\Sandcastle\\Presentation\VS2010\styles\branding-pt-BR.css -&gt; C:\Users\Unknown\SkyDrive\Projects\CoolFishSVN\trunk\CoolFish\CoolFish\bin\Release\DocumentationWorking\Output\Website\styles\branding-pt-BR.css
C:\Program Files (x86)\Sandcastle\\Presentation\VS2010\styles\branding-ru-RU.css -&gt; C:\Users\Unknown\SkyDrive\Projects\CoolFishSVN\trunk\CoolFish\CoolFish\bin\Release\DocumentationWorking\Output\Website\styles\branding-ru-RU.css
C:\Program Files (x86)\Sandcastle\\Presentation\VS2010\styles\branding-tr-TR.css -&gt; C:\Users\Unknown\SkyDrive\Projects\CoolFishSVN\trunk\CoolFish\CoolFish\bin\Release\DocumentationWorking\Output\Website\styles\branding-tr-TR.css
C:\Program Files (x86)\Sandcastle\\Presentation\VS2010\styles\branding-zh-CN.css -&gt; C:\Users\Unknown\SkyDrive\Projects\CoolFishSVN\trunk\CoolFish\CoolFish\bin\Release\DocumentationWorking\Output\Website\styles\branding-zh-CN.css
C:\Program Files (x86)\Sandcastle\\Presentation\VS2010\styles\branding-zh-TW.css -&gt; C:\Users\Unknown\SkyDrive\Projects\CoolFishSVN\trunk\CoolFish\CoolFish\bin\Release\DocumentationWorking\Output\Website\styles\branding-zh-TW.css
C:\Program Files (x86)\Sandcastle\\Presentation\VS2010\styles\branding.css -&gt; C:\Users\Unknown\SkyDrive\Projects\CoolFishSVN\trunk\CoolFish\CoolFish\bin\Release\DocumentationWorking\Output\Website\styles\branding.css
C:\Program Files (x86)\EWSoftware\Sandcastle Help File Builder\\Web\CloseSearch.png -&gt; C:\Users\Unknown\SkyDrive\Projects\CoolFishSVN\trunk\CoolFish\CoolFish\bin\Release\DocumentationWorking\Output\Website\.\CloseSearch.png
C:\Program Files (x86)\EWSoftware\Sandcastle Help File Builder\\Web\CollapseAll.bmp -&gt; C:\Users\Unknown\SkyDrive\Projects\CoolFishSVN\trunk\CoolFish\CoolFish\bin\Release\DocumentationWorking\Output\Website\.\CollapseAll.bmp
C:\Program Files (x86)\EWSoftware\Sandcastle Help File Builder\\Web\Collapsed.gif -&gt; C:\Users\Unknown\SkyDrive\Projects\CoolFishSVN\trunk\CoolFish\CoolFish\bin\Release\DocumentationWorking\Output\Website\.\Collapsed.gif
C:\Program Files (x86)\EWSoftware\Sandcastle Help File Builder\\Web\ExpandAll.bmp -&gt; C:\Users\Unknown\SkyDrive\Projects\CoolFishSVN\trunk\CoolFish\CoolFish\bin\Release\DocumentationWorking\Output\Website\.\ExpandAll.bmp
C:\Program Files (x86)\EWSoftware\Sandcastle Help File Builder\\Web\Expanded.gif -&gt; C:\Users\Unknown\SkyDrive\Projects\CoolFishSVN\trunk\CoolFish\CoolFish\bin\Release\DocumentationWorking\Output\Website\.\Expanded.gif
C:\Program Files (x86)\EWSoftware\Sandcastle Help File Builder\\Web\favicon.ico -&gt; C:\Users\Unknown\SkyDrive\Projects\CoolFishSVN\trunk\CoolFish\CoolFish\bin\Release\DocumentationWorking\Output\Website\.\favicon.ico
C:\Program Files (x86)\EWSoftware\Sandcastle Help File Builder\\Web\FillNode.aspx -&gt; C:\Users\Unknown\SkyDrive\Projects\CoolFishSVN\trunk\CoolFish\CoolFish\bin\Release\DocumentationWorking\Output\Website\.\FillNode.aspx
C:\Program Files (x86)\EWSoftware\Sandcastle Help File Builder\\Web\FillNode.php -&gt; C:\Users\Unknown\SkyDrive\Projects\CoolFishSVN\trunk\CoolFish\CoolFish\bin\Release\DocumentationWorking\Output\Website\.\FillNode.php
C:\Program Files (x86)\EWSoftware\Sandcastle Help File Builder\\Web\Index.aspx -&gt; C:\Users\Unknown\SkyDrive\Projects\CoolFishSVN\trunk\CoolFish\CoolFish\bin\Release\DocumentationWorking\Output\Website\.\Index.aspx
C:\Program Files (x86)\EWSoftware\Sandcastle Help File Builder\\Web\Index.gif -&gt; C:\Users\Unknown\SkyDrive\Projects\CoolFishSVN\trunk\CoolFish\CoolFish\bin\Release\DocumentationWorking\Output\Website\.\Index.gif
C:\Program Files (x86)\EWSoftware\Sandcastle Help File Builder\\Web\index.html -&gt; C:\Users\Unknown\SkyDrive\Projects\CoolFishSVN\trunk\CoolFish\CoolFish\bin\Release\DocumentationWorking\Output\Website\.\index.html
C:\Program Files (x86)\EWSoftware\Sandcastle Help File Builder\\Web\index.php -&gt; C:\Users\Unknown\SkyDrive\Projects\CoolFishSVN\trunk\CoolFish\CoolFish\bin\Release\DocumentationWorking\Output\Website\.\index.php
C:\Program Files (x86)\EWSoftware\Sandcastle Help File Builder\\Web\Item.gif -&gt; C:\Users\Unknown\SkyDrive\Projects\CoolFishSVN\trunk\CoolFish\CoolFish\bin\Release\DocumentationWorking\Output\Website\.\Item.gif
C:\Program Files (x86)\EWSoftware\Sandcastle Help File Builder\\Web\LoadIndexKeywords.aspx -&gt; C:\Users\Unknown\SkyDrive\Projects\CoolFishSVN\trunk\CoolFish\CoolFish\bin\Release\DocumentationWorking\Output\Website\.\LoadIndexKeywords.aspx
C:\Program Files (x86)\EWSoftware\Sandcastle Help File Builder\\Web\LoadIndexKeywords.php -&gt; C:\Users\Unknown\SkyDrive\Projects\CoolFishSVN\trunk\CoolFish\CoolFish\bin\Release\DocumentationWorking\Output\Website\.\LoadIndexKeywords.php
C:\Program Files (x86)\EWSoftware\Sandcastle Help File Builder\\Web\Search.gif -&gt; C:\Users\Unknown\SkyDrive\Projects\CoolFishSVN\trunk\CoolFish\CoolFish\bin\Release\DocumentationWorking\Output\Website\.\Search.gif
C:\Program Files (x86)\EWSoftware\Sandcastle Help File Builder\\Web\SearchHelp.aspx -&gt; C:\Users\Unknown\SkyDrive\Projects\CoolFishSVN\trunk\CoolFish\CoolFish\bin\Release\DocumentationWorking\Output\Website\.\SearchHelp.aspx
C:\Program Files (x86)\EWSoftware\Sandcastle Help File Builder\\Web\SearchHelp.inc.php -&gt; C:\Users\Unknown\SkyDrive\Projects\CoolFishSVN\trunk\CoolFish\CoolFish\bin\Release\DocumentationWorking\Output\Website\.\SearchHelp.inc.php
C:\Program Files (x86)\EWSoftware\Sandcastle Help File Builder\\Web\SearchHelp.php -&gt; C:\Users\Unknown\SkyDrive\Projects\CoolFishSVN\trunk\CoolFish\CoolFish\bin\Release\DocumentationWorking\Output\Website\.\SearchHelp.php
C:\Program Files (x86)\EWSoftware\Sandcastle Help File Builder\\Web\Splitter.gif -&gt; C:\Users\Unknown\SkyDrive\Projects\CoolFishSVN\trunk\CoolFish\CoolFish\bin\Release\DocumentationWorking\Output\Website\.\Splitter.gif
C:\Program Files (x86)\EWSoftware\Sandcastle Help File Builder\\Web\SyncTOC.gif -&gt; C:\Users\Unknown\SkyDrive\Projects\CoolFishSVN\trunk\CoolFish\CoolFish\bin\Release\DocumentationWorking\Output\Website\.\SyncTOC.gif
C:\Program Files (x86)\EWSoftware\Sandcastle Help File Builder\\Web\TOC.css -&gt; C:\Users\Unknown\SkyDrive\Projects\CoolFishSVN\trunk\CoolFish\CoolFish\bin\Release\DocumentationWorking\Output\Website\.\TOC.css
C:\Program Files (x86)\EWSoftware\Sandcastle Help File Builder\\Web\TOC.js -&gt; C:\Users\Unknown\SkyDrive\Projects\CoolFishSVN\trunk\CoolFish\CoolFish\bin\Release\DocumentationWorking\Output\Website\.\TOC.js
C:\Program Files (x86)\EWSoftware\Sandcastle Help File Builder\\Web\Web.Config -&gt; C:\Users\Unknown\SkyDrive\Projects\CoolFishSVN\trunk\CoolFish\CoolFish\bin\Release\DocumentationWorking\Output\Website\.\Web.Config
    Last step completed in 00:00:00.6124
</buildStep>
<buildStep step="GenerateHelpFormatTableOfContents">
Generating website table of contents file...
    Last step completed in 00:00:00.0050
</buildStep>
<buildStep step="GenerateFullTextIndex">
Generating full-text index for the website...

    Last step completed in 00:00:01.1778
</buildStep>
<buildStep step="CopyingWebsiteFiles">
Copying website files to output folder...

Copied 100 files
Copied 200 files
Copied 300 files
Copied 400 files
Copied 500 files
Copied 589 files for the website content
    Last step completed in 00:00:00.4003
</buildStep>
<buildStep step="CleanIntermediates">
Removing intermediate files...
    Last step completed in 00:00:00.1641
</buildStep>
<buildStep step="Completed">

Build completed successfully at 12/01/2013 08:09 PM.  Total time: 00:00:24.4133

</buildStep>
</shfbBuild>
